<?xml version="1.0" encoding="UTF-8"?>
<!-- Generated by org.testng.reporters.JUnitXMLReporter -->
<testsuite ignored="0" hostname="CNLDLF2586" failures="0" tests="7" name="Automation Test" time="135.962" errors="0" timestamp="2023-07-24T21:40:58 IST">
  <testcase classname="com.qa.testscripts.AutomationAnywhereLogo_TestNG" name="visibilityOfLogo" time="0.398"/>
  <testcase classname="com.qa.testscripts.AutomationAnywhereLogo_TestNG" name="verifyingRequestDemoButton" time="0.21"/>
  <testcase classname="com.qa.testscripts.AutomationAnywhereMenu_TestNG" name="verifyingProductsLink" time="36.062"/>
  <testcase classname="com.qa.testscripts.AutomationAnywhereMenu_TestNG" name="verifyingSolutionsLink" time="6.027"/>
  <testcase classname="com.qa.testscripts.AutomationAnywhereMenu_TestNG" name="verifyingResourcesLink" time="7.819"/>
  <testcase classname="com.qa.testscripts.AutomationAnywhereMenu_TestNG" name="verifyingBeyondRPALink" time="7.767"/>
  <testcase classname="com.qa.testscripts.AutomationAnywhereMenu_TestNG" name="verifyingCompanyLink" time="3.676"/>
</testsuite> <!-- Automation Test -->
