<?xml version="1.0" encoding="UTF-8"?>
<!-- Generated by org.testng.reporters.JUnitXMLReporter -->
<testsuite ignored="0" hostname="CNLDLF2586" failures="0" tests="7" name="Default test" time="147.854" errors="0" timestamp="2023-07-24T21:27:27 IST">
  <testcase classname="com.qa.testscripts.AutomationAnywhereTestNG" name="verifyingBeyondRPALink" time="23.195"/>
  <testcase classname="com.qa.testscripts.AutomationAnywhereTestNG" name="verifyingCompanyLink" time="58.723"/>
  <testcase classname="com.qa.testscripts.AutomationAnywhereTestNG" name="verifyingProductsLink" time="11.394"/>
  <testcase classname="com.qa.testscripts.AutomationAnywhereTestNG" name="verifyingRequestDemoButton" time="0.141"/>
  <testcase classname="com.qa.testscripts.AutomationAnywhereTestNG" name="verifyingResourcesLink" time="7.038"/>
  <testcase classname="com.qa.testscripts.AutomationAnywhereTestNG" name="verifyingSolutionsLink" time="5.424"/>
  <testcase classname="com.qa.testscripts.AutomationAnywhereTestNG" name="visibilityOfLogo" time="0.062"/>
</testsuite> <!-- Default test -->
